2018-10-23 23:46:55,625 - root - DEBUG -         date          time type    ...      act1      act2      act3
2312   01-04  07:19:30.573    V    ...     START  onStart:  Activity
6576   01-04  07:20:02.257    V    ...     START  onStart:  Activity
11003  01-04  07:21:53.136    V    ...     START  onStart:  Activity

[3 rows x 7 columns]
2018-10-23 23:46:55,668 - root - DEBUG -         date          time type ...       act1 act2 act3
3801   01-04  07:19:31.308    I ...   animator  END  ---
7891   01-04  07:20:02.768    I ...   animator  END  ---
12420  01-04  07:21:53.689    I ...   animator  END  ---

[3 rows x 7 columns]
2018-10-23 23:46:55,701 - root - DEBUG -         date          time type ...       act1 act2 act3
3803   01-04  07:19:31.325    I ...   animator  set  END
7893   01-04  07:20:02.784    I ...   animator  set  END
12422  01-04  07:21:53.706    I ...   animator  set  END

[3 rows x 7 columns]
2018-10-23 23:46:55,738 - root - DEBUG -    Num Used-Times(mecroseconds)
0    1                      752
1    2                      527
2    3                      570
3  avg                      616
