2018-10-18 16:39:20,983 - root - DEBUG -         date          time type    ...      act1      act2      act3
2312   01-04  07:19:30.573    V    ...     START  onStart:  Activity
6576   01-04  07:20:02.257    V    ...     START  onStart:  Activity
11003  01-04  07:21:53.136    V    ...     START  onStart:  Activity

[3 rows x 7 columns]
2018-10-18 16:39:21,036 - root - DEBUG -         date          time type ...       act1 act2 act3
3801   01-04  07:19:31.308    I ...   animator  END  ---
7891   01-04  07:20:02.768    I ...   animator  END  ---
12420  01-04  07:21:53.689    I ...   animator  END  ---

[3 rows x 7 columns]
2018-10-18 16:39:21,072 - root - DEBUG -         date          time type ...       act1 act2 act3
3803   01-04  07:19:31.325    I ...   animator  set  END
7893   01-04  07:20:02.784    I ...   animator  set  END
12422  01-04  07:21:53.706    I ...   animator  set  END

[3 rows x 7 columns]
2018-10-18 17:56:47,270 - root - DEBUG -         date          time type    ...      act1      act2      act3
2312   01-04  07:19:30.573    V    ...     START  onStart:  Activity
6576   01-04  07:20:02.257    V    ...     START  onStart:  Activity
11003  01-04  07:21:53.136    V    ...     START  onStart:  Activity

[3 rows x 7 columns]
2018-10-18 17:56:47,335 - root - DEBUG -         date          time type ...       act1 act2 act3
3801   01-04  07:19:31.308    I ...   animator  END  ---
7891   01-04  07:20:02.768    I ...   animator  END  ---
12420  01-04  07:21:53.689    I ...   animator  END  ---

[3 rows x 7 columns]
2018-10-18 17:56:47,376 - root - DEBUG -         date          time type ...       act1 act2 act3
3803   01-04  07:19:31.325    I ...   animator  set  END
7893   01-04  07:20:02.784    I ...   animator  set  END
12422  01-04  07:21:53.706    I ...   animator  set  END

[3 rows x 7 columns]
2018-10-18 17:57:36,558 - root - DEBUG -         date          time type    ...      act1      act2      act3
2312   01-04  07:19:30.573    V    ...     START  onStart:  Activity
6576   01-04  07:20:02.257    V    ...     START  onStart:  Activity
11003  01-04  07:21:53.136    V    ...     START  onStart:  Activity

[3 rows x 7 columns]
2018-10-18 17:57:36,616 - root - DEBUG -         date          time type ...       act1 act2 act3
3801   01-04  07:19:31.308    I ...   animator  END  ---
7891   01-04  07:20:02.768    I ...   animator  END  ---
12420  01-04  07:21:53.689    I ...   animator  END  ---

[3 rows x 7 columns]
2018-10-18 17:57:36,663 - root - DEBUG -         date          time type ...       act1 act2 act3
3803   01-04  07:19:31.325    I ...   animator  set  END
7893   01-04  07:20:02.784    I ...   animator  set  END
12422  01-04  07:21:53.706    I ...   animator  set  END

[3 rows x 7 columns]
2018-10-18 18:00:28,314 - root - DEBUG -         date          time type    ...      act1      act2      act3
2312   01-04  07:19:30.573    V    ...     START  onStart:  Activity
6576   01-04  07:20:02.257    V    ...     START  onStart:  Activity
11003  01-04  07:21:53.136    V    ...     START  onStart:  Activity

[3 rows x 7 columns]
2018-10-18 18:00:28,370 - root - DEBUG -         date          time type ...       act1 act2 act3
3801   01-04  07:19:31.308    I ...   animator  END  ---
7891   01-04  07:20:02.768    I ...   animator  END  ---
12420  01-04  07:21:53.689    I ...   animator  END  ---

[3 rows x 7 columns]
2018-10-18 18:00:28,427 - root - DEBUG -         date          time type ...       act1 act2 act3
3803   01-04  07:19:31.325    I ...   animator  set  END
7893   01-04  07:20:02.784    I ...   animator  set  END
12422  01-04  07:21:53.706    I ...   animator  set  END

[3 rows x 7 columns]
2018-10-18 18:00:49,472 - root - DEBUG -         date          time type    ...      act1      act2      act3
2312   01-04  07:19:30.573    V    ...     START  onStart:  Activity
6576   01-04  07:20:02.257    V    ...     START  onStart:  Activity
11003  01-04  07:21:53.136    V    ...     START  onStart:  Activity

[3 rows x 7 columns]
2018-10-18 18:00:49,554 - root - DEBUG -         date          time type ...       act1 act2 act3
3801   01-04  07:19:31.308    I ...   animator  END  ---
7891   01-04  07:20:02.768    I ...   animator  END  ---
12420  01-04  07:21:53.689    I ...   animator  END  ---

[3 rows x 7 columns]
2018-10-18 18:00:49,622 - root - DEBUG -         date          time type ...       act1 act2 act3
3803   01-04  07:19:31.325    I ...   animator  set  END
7893   01-04  07:20:02.784    I ...   animator  set  END
12422  01-04  07:21:53.706    I ...   animator  set  END

[3 rows x 7 columns]
2018-10-18 18:02:37,902 - root - DEBUG -         date          time type    ...      act1      act2      act3
2312   01-04  07:19:30.573    V    ...     START  onStart:  Activity
6576   01-04  07:20:02.257    V    ...     START  onStart:  Activity
11003  01-04  07:21:53.136    V    ...     START  onStart:  Activity

[3 rows x 7 columns]
2018-10-18 18:02:37,957 - root - DEBUG -         date          time type ...       act1 act2 act3
3801   01-04  07:19:31.308    I ...   animator  END  ---
7891   01-04  07:20:02.768    I ...   animator  END  ---
12420  01-04  07:21:53.689    I ...   animator  END  ---

[3 rows x 7 columns]
2018-10-18 18:02:38,011 - root - DEBUG -         date          time type ...       act1 act2 act3
3803   01-04  07:19:31.325    I ...   animator  set  END
7893   01-04  07:20:02.784    I ...   animator  set  END
12422  01-04  07:21:53.706    I ...   animator  set  END

[3 rows x 7 columns]
2018-10-18 18:08:49,248 - root - DEBUG -         date          time type    ...      act1      act2      act3
2312   01-04  07:19:30.573    V    ...     START  onStart:  Activity
6576   01-04  07:20:02.257    V    ...     START  onStart:  Activity
11003  01-04  07:21:53.136    V    ...     START  onStart:  Activity

[3 rows x 7 columns]
2018-10-18 18:08:49,299 - root - DEBUG -         date          time type ...       act1 act2 act3
3801   01-04  07:19:31.308    I ...   animator  END  ---
7891   01-04  07:20:02.768    I ...   animator  END  ---
12420  01-04  07:21:53.689    I ...   animator  END  ---

[3 rows x 7 columns]
2018-10-18 18:08:49,342 - root - DEBUG -         date          time type ...       act1 act2 act3
3803   01-04  07:19:31.325    I ...   animator  set  END
7893   01-04  07:20:02.784    I ...   animator  set  END
12422  01-04  07:21:53.706    I ...   animator  set  END

[3 rows x 7 columns]
2018-10-18 18:10:52,120 - root - DEBUG -         date          time type    ...      act1      act2      act3
2312   01-04  07:19:30.573    V    ...     START  onStart:  Activity
6576   01-04  07:20:02.257    V    ...     START  onStart:  Activity
11003  01-04  07:21:53.136    V    ...     START  onStart:  Activity

[3 rows x 7 columns]
2018-10-18 18:10:52,173 - root - DEBUG -         date          time type ...       act1 act2 act3
3801   01-04  07:19:31.308    I ...   animator  END  ---
7891   01-04  07:20:02.768    I ...   animator  END  ---
12420  01-04  07:21:53.689    I ...   animator  END  ---

[3 rows x 7 columns]
2018-10-18 18:10:52,220 - root - DEBUG -         date          time type ...       act1 act2 act3
3803   01-04  07:19:31.325    I ...   animator  set  END
7893   01-04  07:20:02.784    I ...   animator  set  END
12422  01-04  07:21:53.706    I ...   animator  set  END

[3 rows x 7 columns]
2018-10-18 18:11:03,309 - root - DEBUG -         date          time type    ...      act1      act2      act3
2312   01-04  07:19:30.573    V    ...     START  onStart:  Activity
6576   01-04  07:20:02.257    V    ...     START  onStart:  Activity
11003  01-04  07:21:53.136    V    ...     START  onStart:  Activity

[3 rows x 7 columns]
2018-10-18 18:11:03,365 - root - DEBUG -         date          time type ...       act1 act2 act3
3801   01-04  07:19:31.308    I ...   animator  END  ---
7891   01-04  07:20:02.768    I ...   animator  END  ---
12420  01-04  07:21:53.689    I ...   animator  END  ---

[3 rows x 7 columns]
2018-10-18 18:11:03,414 - root - DEBUG -         date          time type ...       act1 act2 act3
3803   01-04  07:19:31.325    I ...   animator  set  END
7893   01-04  07:20:02.784    I ...   animator  set  END
12422  01-04  07:21:53.706    I ...   animator  set  END

[3 rows x 7 columns]
2018-10-18 18:14:07,063 - root - DEBUG -         date          time type    ...      act1      act2      act3
2312   01-04  07:19:30.573    V    ...     START  onStart:  Activity
6576   01-04  07:20:02.257    V    ...     START  onStart:  Activity
11003  01-04  07:21:53.136    V    ...     START  onStart:  Activity

[3 rows x 7 columns]
2018-10-18 18:14:07,111 - root - DEBUG -         date          time type ...       act1 act2 act3
3801   01-04  07:19:31.308    I ...   animator  END  ---
7891   01-04  07:20:02.768    I ...   animator  END  ---
12420  01-04  07:21:53.689    I ...   animator  END  ---

[3 rows x 7 columns]
2018-10-18 18:14:07,166 - root - DEBUG -         date          time type ...       act1 act2 act3
3803   01-04  07:19:31.325    I ...   animator  set  END
7893   01-04  07:20:02.784    I ...   animator  set  END
12422  01-04  07:21:53.706    I ...   animator  set  END

[3 rows x 7 columns]
2018-10-18 18:20:34,243 - root - DEBUG -         date          time type    ...      act1      act2      act3
2312   01-04  07:19:30.573    V    ...     START  onStart:  Activity
6576   01-04  07:20:02.257    V    ...     START  onStart:  Activity
11003  01-04  07:21:53.136    V    ...     START  onStart:  Activity

[3 rows x 7 columns]
2018-10-18 18:20:34,303 - root - DEBUG -         date          time type ...       act1 act2 act3
3801   01-04  07:19:31.308    I ...   animator  END  ---
7891   01-04  07:20:02.768    I ...   animator  END  ---
12420  01-04  07:21:53.689    I ...   animator  END  ---

[3 rows x 7 columns]
2018-10-18 18:20:34,391 - root - DEBUG -         date          time type ...       act1 act2 act3
3803   01-04  07:19:31.325    I ...   animator  set  END
7893   01-04  07:20:02.784    I ...   animator  set  END
12422  01-04  07:21:53.706    I ...   animator  set  END

[3 rows x 7 columns]
2018-10-18 18:21:12,875 - root - DEBUG -         date          time type    ...      act1      act2      act3
2312   01-04  07:19:30.573    V    ...     START  onStart:  Activity
6576   01-04  07:20:02.257    V    ...     START  onStart:  Activity
11003  01-04  07:21:53.136    V    ...     START  onStart:  Activity

[3 rows x 7 columns]
2018-10-18 18:21:12,944 - root - DEBUG -         date          time type ...       act1 act2 act3
3801   01-04  07:19:31.308    I ...   animator  END  ---
7891   01-04  07:20:02.768    I ...   animator  END  ---
12420  01-04  07:21:53.689    I ...   animator  END  ---

[3 rows x 7 columns]
2018-10-18 18:21:13,031 - root - DEBUG -         date          time type ...       act1 act2 act3
3803   01-04  07:19:31.325    I ...   animator  set  END
7893   01-04  07:20:02.784    I ...   animator  set  END
12422  01-04  07:21:53.706    I ...   animator  set  END

[3 rows x 7 columns]
2018-10-18 18:22:10,430 - root - DEBUG -         date          time type    ...      act1      act2      act3
2312   01-04  07:19:30.573    V    ...     START  onStart:  Activity
6576   01-04  07:20:02.257    V    ...     START  onStart:  Activity
11003  01-04  07:21:53.136    V    ...     START  onStart:  Activity

[3 rows x 7 columns]
2018-10-18 18:22:10,482 - root - DEBUG -         date          time type ...       act1 act2 act3
3801   01-04  07:19:31.308    I ...   animator  END  ---
7891   01-04  07:20:02.768    I ...   animator  END  ---
12420  01-04  07:21:53.689    I ...   animator  END  ---

[3 rows x 7 columns]
2018-10-18 18:22:10,543 - root - DEBUG -         date          time type ...       act1 act2 act3
3803   01-04  07:19:31.325    I ...   animator  set  END
7893   01-04  07:20:02.784    I ...   animator  set  END
12422  01-04  07:21:53.706    I ...   animator  set  END

[3 rows x 7 columns]
2018-10-18 18:22:52,133 - root - DEBUG -         date          time type    ...      act1      act2      act3
2312   01-04  07:19:30.573    V    ...     START  onStart:  Activity
6576   01-04  07:20:02.257    V    ...     START  onStart:  Activity
11003  01-04  07:21:53.136    V    ...     START  onStart:  Activity

[3 rows x 7 columns]
2018-10-18 18:22:52,184 - root - DEBUG -         date          time type ...       act1 act2 act3
3801   01-04  07:19:31.308    I ...   animator  END  ---
7891   01-04  07:20:02.768    I ...   animator  END  ---
12420  01-04  07:21:53.689    I ...   animator  END  ---

[3 rows x 7 columns]
2018-10-18 18:22:52,260 - root - DEBUG -         date          time type ...       act1 act2 act3
3803   01-04  07:19:31.325    I ...   animator  set  END
7893   01-04  07:20:02.784    I ...   animator  set  END
12422  01-04  07:21:53.706    I ...   animator  set  END

[3 rows x 7 columns]
2018-10-18 18:23:38,527 - root - DEBUG -         date          time type    ...      act1      act2      act3
2312   01-04  07:19:30.573    V    ...     START  onStart:  Activity
6576   01-04  07:20:02.257    V    ...     START  onStart:  Activity
11003  01-04  07:21:53.136    V    ...     START  onStart:  Activity

[3 rows x 7 columns]
2018-10-18 18:23:38,577 - root - DEBUG -         date          time type ...       act1 act2 act3
3801   01-04  07:19:31.308    I ...   animator  END  ---
7891   01-04  07:20:02.768    I ...   animator  END  ---
12420  01-04  07:21:53.689    I ...   animator  END  ---

[3 rows x 7 columns]
2018-10-18 18:23:38,626 - root - DEBUG -         date          time type ...       act1 act2 act3
3803   01-04  07:19:31.325    I ...   animator  set  END
7893   01-04  07:20:02.784    I ...   animator  set  END
12422  01-04  07:21:53.706    I ...   animator  set  END

[3 rows x 7 columns]
2018-10-18 18:24:25,227 - root - DEBUG -         date          time type    ...      act1      act2      act3
2312   01-04  07:19:30.573    V    ...     START  onStart:  Activity
6576   01-04  07:20:02.257    V    ...     START  onStart:  Activity
11003  01-04  07:21:53.136    V    ...     START  onStart:  Activity

[3 rows x 7 columns]
2018-10-18 18:24:25,287 - root - DEBUG -         date          time type ...       act1 act2 act3
3801   01-04  07:19:31.308    I ...   animator  END  ---
7891   01-04  07:20:02.768    I ...   animator  END  ---
12420  01-04  07:21:53.689    I ...   animator  END  ---

[3 rows x 7 columns]
2018-10-18 18:24:25,346 - root - DEBUG -         date          time type ...       act1 act2 act3
3803   01-04  07:19:31.325    I ...   animator  set  END
7893   01-04  07:20:02.784    I ...   animator  set  END
12422  01-04  07:21:53.706    I ...   animator  set  END

[3 rows x 7 columns]
2018-10-18 18:25:01,653 - root - DEBUG -         date          time type    ...      act1      act2      act3
2312   01-04  07:19:30.573    V    ...     START  onStart:  Activity
6576   01-04  07:20:02.257    V    ...     START  onStart:  Activity
11003  01-04  07:21:53.136    V    ...     START  onStart:  Activity

[3 rows x 7 columns]
2018-10-18 18:25:01,711 - root - DEBUG -         date          time type ...       act1 act2 act3
3801   01-04  07:19:31.308    I ...   animator  END  ---
7891   01-04  07:20:02.768    I ...   animator  END  ---
12420  01-04  07:21:53.689    I ...   animator  END  ---

[3 rows x 7 columns]
2018-10-18 18:25:01,765 - root - DEBUG -         date          time type ...       act1 act2 act3
3803   01-04  07:19:31.325    I ...   animator  set  END
7893   01-04  07:20:02.784    I ...   animator  set  END
12422  01-04  07:21:53.706    I ...   animator  set  END

[3 rows x 7 columns]
2018-10-18 18:26:13,034 - root - DEBUG -         date          time type    ...      act1      act2      act3
2312   01-04  07:19:30.573    V    ...     START  onStart:  Activity
6576   01-04  07:20:02.257    V    ...     START  onStart:  Activity
11003  01-04  07:21:53.136    V    ...     START  onStart:  Activity

[3 rows x 7 columns]
2018-10-18 18:26:13,082 - root - DEBUG -         date          time type ...       act1 act2 act3
3801   01-04  07:19:31.308    I ...   animator  END  ---
7891   01-04  07:20:02.768    I ...   animator  END  ---
12420  01-04  07:21:53.689    I ...   animator  END  ---

[3 rows x 7 columns]
2018-10-18 18:26:13,139 - root - DEBUG -         date          time type ...       act1 act2 act3
3803   01-04  07:19:31.325    I ...   animator  set  END
7893   01-04  07:20:02.784    I ...   animator  set  END
12422  01-04  07:21:53.706    I ...   animator  set  END

[3 rows x 7 columns]
2018-10-18 18:29:58,790 - root - DEBUG -         date          time type    ...      act1      act2      act3
2312   01-04  07:19:30.573    V    ...     START  onStart:  Activity
6576   01-04  07:20:02.257    V    ...     START  onStart:  Activity
11003  01-04  07:21:53.136    V    ...     START  onStart:  Activity

[3 rows x 7 columns]
2018-10-18 18:29:58,840 - root - DEBUG -         date          time type ...       act1 act2 act3
3801   01-04  07:19:31.308    I ...   animator  END  ---
7891   01-04  07:20:02.768    I ...   animator  END  ---
12420  01-04  07:21:53.689    I ...   animator  END  ---

[3 rows x 7 columns]
2018-10-18 18:29:58,898 - root - DEBUG -         date          time type ...       act1 act2 act3
3803   01-04  07:19:31.325    I ...   animator  set  END
7893   01-04  07:20:02.784    I ...   animator  set  END
12422  01-04  07:21:53.706    I ...   animator  set  END

[3 rows x 7 columns]
2018-10-18 18:30:30,729 - root - DEBUG -         date          time type    ...      act1      act2      act3
2312   01-04  07:19:30.573    V    ...     START  onStart:  Activity
6576   01-04  07:20:02.257    V    ...     START  onStart:  Activity
11003  01-04  07:21:53.136    V    ...     START  onStart:  Activity

[3 rows x 7 columns]
2018-10-18 18:30:30,789 - root - DEBUG -         date          time type ...       act1 act2 act3
3801   01-04  07:19:31.308    I ...   animator  END  ---
7891   01-04  07:20:02.768    I ...   animator  END  ---
12420  01-04  07:21:53.689    I ...   animator  END  ---

[3 rows x 7 columns]
2018-10-18 18:30:30,852 - root - DEBUG -         date          time type ...       act1 act2 act3
3803   01-04  07:19:31.325    I ...   animator  set  END
7893   01-04  07:20:02.784    I ...   animator  set  END
12422  01-04  07:21:53.706    I ...   animator  set  END

[3 rows x 7 columns]
2018-10-18 18:31:20,312 - root - DEBUG -         date          time type    ...      act1      act2      act3
2312   01-04  07:19:30.573    V    ...     START  onStart:  Activity
6576   01-04  07:20:02.257    V    ...     START  onStart:  Activity
11003  01-04  07:21:53.136    V    ...     START  onStart:  Activity

[3 rows x 7 columns]
2018-10-18 18:31:20,355 - root - DEBUG -         date          time type ...       act1 act2 act3
3801   01-04  07:19:31.308    I ...   animator  END  ---
7891   01-04  07:20:02.768    I ...   animator  END  ---
12420  01-04  07:21:53.689    I ...   animator  END  ---

[3 rows x 7 columns]
2018-10-18 18:31:20,399 - root - DEBUG -         date          time type ...       act1 act2 act3
3803   01-04  07:19:31.325    I ...   animator  set  END
7893   01-04  07:20:02.784    I ...   animator  set  END
12422  01-04  07:21:53.706    I ...   animator  set  END

[3 rows x 7 columns]
2018-10-18 18:31:45,768 - root - DEBUG -         date          time type    ...      act1      act2      act3
2312   01-04  07:19:30.573    V    ...     START  onStart:  Activity
6576   01-04  07:20:02.257    V    ...     START  onStart:  Activity
11003  01-04  07:21:53.136    V    ...     START  onStart:  Activity

[3 rows x 7 columns]
2018-10-18 18:31:45,827 - root - DEBUG -         date          time type ...       act1 act2 act3
3801   01-04  07:19:31.308    I ...   animator  END  ---
7891   01-04  07:20:02.768    I ...   animator  END  ---
12420  01-04  07:21:53.689    I ...   animator  END  ---

[3 rows x 7 columns]
2018-10-18 18:31:45,892 - root - DEBUG -         date          time type ...       act1 act2 act3
3803   01-04  07:19:31.325    I ...   animator  set  END
7893   01-04  07:20:02.784    I ...   animator  set  END
12422  01-04  07:21:53.706    I ...   animator  set  END

[3 rows x 7 columns]
2018-10-18 18:31:58,746 - root - DEBUG -         date          time type    ...      act1      act2      act3
2312   01-04  07:19:30.573    V    ...     START  onStart:  Activity
6576   01-04  07:20:02.257    V    ...     START  onStart:  Activity
11003  01-04  07:21:53.136    V    ...     START  onStart:  Activity

[3 rows x 7 columns]
2018-10-18 18:31:58,793 - root - DEBUG -         date          time type ...       act1 act2 act3
3801   01-04  07:19:31.308    I ...   animator  END  ---
7891   01-04  07:20:02.768    I ...   animator  END  ---
12420  01-04  07:21:53.689    I ...   animator  END  ---

[3 rows x 7 columns]
2018-10-18 18:31:58,829 - root - DEBUG -         date          time type ...       act1 act2 act3
3803   01-04  07:19:31.325    I ...   animator  set  END
7893   01-04  07:20:02.784    I ...   animator  set  END
12422  01-04  07:21:53.706    I ...   animator  set  END

[3 rows x 7 columns]
2018-10-18 18:39:33,128 - root - DEBUG -         date          time type    ...      act1      act2      act3
2312   01-04  07:19:30.573    V    ...     START  onStart:  Activity
6576   01-04  07:20:02.257    V    ...     START  onStart:  Activity
11003  01-04  07:21:53.136    V    ...     START  onStart:  Activity

[3 rows x 7 columns]
2018-10-18 18:39:33,178 - root - DEBUG -         date          time type ...       act1 act2 act3
3801   01-04  07:19:31.308    I ...   animator  END  ---
7891   01-04  07:20:02.768    I ...   animator  END  ---
12420  01-04  07:21:53.689    I ...   animator  END  ---

[3 rows x 7 columns]
2018-10-18 18:39:33,228 - root - DEBUG -         date          time type ...       act1 act2 act3
3803   01-04  07:19:31.325    I ...   animator  set  END
7893   01-04  07:20:02.784    I ...   animator  set  END
12422  01-04  07:21:53.706    I ...   animator  set  END

[3 rows x 7 columns]
2018-10-18 18:40:30,967 - root - DEBUG -         date          time type    ...      act1      act2      act3
2312   01-04  07:19:30.573    V    ...     START  onStart:  Activity
6576   01-04  07:20:02.257    V    ...     START  onStart:  Activity
11003  01-04  07:21:53.136    V    ...     START  onStart:  Activity

[3 rows x 7 columns]
2018-10-18 18:40:31,017 - root - DEBUG -         date          time type ...       act1 act2 act3
3801   01-04  07:19:31.308    I ...   animator  END  ---
7891   01-04  07:20:02.768    I ...   animator  END  ---
12420  01-04  07:21:53.689    I ...   animator  END  ---

[3 rows x 7 columns]
2018-10-18 18:40:31,059 - root - DEBUG -         date          time type ...       act1 act2 act3
3803   01-04  07:19:31.325    I ...   animator  set  END
7893   01-04  07:20:02.784    I ...   animator  set  END
12422  01-04  07:21:53.706    I ...   animator  set  END

[3 rows x 7 columns]
2018-10-18 18:43:03,128 - root - DEBUG -         date          time type    ...      act1      act2      act3
2312   01-04  07:19:30.573    V    ...     START  onStart:  Activity
6576   01-04  07:20:02.257    V    ...     START  onStart:  Activity
11003  01-04  07:21:53.136    V    ...     START  onStart:  Activity

[3 rows x 7 columns]
2018-10-18 18:43:03,177 - root - DEBUG -         date          time type ...       act1 act2 act3
3801   01-04  07:19:31.308    I ...   animator  END  ---
7891   01-04  07:20:02.768    I ...   animator  END  ---
12420  01-04  07:21:53.689    I ...   animator  END  ---

[3 rows x 7 columns]
2018-10-18 18:43:03,235 - root - DEBUG -         date          time type ...       act1 act2 act3
3803   01-04  07:19:31.325    I ...   animator  set  END
7893   01-04  07:20:02.784    I ...   animator  set  END
12422  01-04  07:21:53.706    I ...   animator  set  END

[3 rows x 7 columns]
2018-10-18 18:44:17,867 - root - DEBUG -         date          time type    ...      act1      act2      act3
2312   01-04  07:19:30.573    V    ...     START  onStart:  Activity
6576   01-04  07:20:02.257    V    ...     START  onStart:  Activity
11003  01-04  07:21:53.136    V    ...     START  onStart:  Activity

[3 rows x 7 columns]
2018-10-18 18:44:17,920 - root - DEBUG -         date          time type ...       act1 act2 act3
3801   01-04  07:19:31.308    I ...   animator  END  ---
7891   01-04  07:20:02.768    I ...   animator  END  ---
12420  01-04  07:21:53.689    I ...   animator  END  ---

[3 rows x 7 columns]
2018-10-18 18:44:17,989 - root - DEBUG -         date          time type ...       act1 act2 act3
3803   01-04  07:19:31.325    I ...   animator  set  END
7893   01-04  07:20:02.784    I ...   animator  set  END
12422  01-04  07:21:53.706    I ...   animator  set  END

[3 rows x 7 columns]
2018-10-18 18:44:33,310 - root - DEBUG -         date          time type    ...      act1      act2      act3
2312   01-04  07:19:30.573    V    ...     START  onStart:  Activity
6576   01-04  07:20:02.257    V    ...     START  onStart:  Activity
11003  01-04  07:21:53.136    V    ...     START  onStart:  Activity

[3 rows x 7 columns]
2018-10-18 18:44:33,356 - root - DEBUG -         date          time type ...       act1 act2 act3
3801   01-04  07:19:31.308    I ...   animator  END  ---
7891   01-04  07:20:02.768    I ...   animator  END  ---
12420  01-04  07:21:53.689    I ...   animator  END  ---

[3 rows x 7 columns]
2018-10-18 18:44:33,413 - root - DEBUG -         date          time type ...       act1 act2 act3
3803   01-04  07:19:31.325    I ...   animator  set  END
7893   01-04  07:20:02.784    I ...   animator  set  END
12422  01-04  07:21:53.706    I ...   animator  set  END

[3 rows x 7 columns]
2018-10-18 18:45:09,363 - root - DEBUG -         date          time type    ...      act1      act2      act3
2312   01-04  07:19:30.573    V    ...     START  onStart:  Activity
6576   01-04  07:20:02.257    V    ...     START  onStart:  Activity
11003  01-04  07:21:53.136    V    ...     START  onStart:  Activity

[3 rows x 7 columns]
2018-10-18 18:45:09,424 - root - DEBUG -         date          time type ...       act1 act2 act3
3801   01-04  07:19:31.308    I ...   animator  END  ---
7891   01-04  07:20:02.768    I ...   animator  END  ---
12420  01-04  07:21:53.689    I ...   animator  END  ---

[3 rows x 7 columns]
2018-10-18 18:45:09,490 - root - DEBUG -         date          time type ...       act1 act2 act3
3803   01-04  07:19:31.325    I ...   animator  set  END
7893   01-04  07:20:02.784    I ...   animator  set  END
12422  01-04  07:21:53.706    I ...   animator  set  END

[3 rows x 7 columns]
2018-10-18 18:45:28,281 - root - DEBUG -         date          time type    ...      act1      act2      act3
2312   01-04  07:19:30.573    V    ...     START  onStart:  Activity
6576   01-04  07:20:02.257    V    ...     START  onStart:  Activity
11003  01-04  07:21:53.136    V    ...     START  onStart:  Activity

[3 rows x 7 columns]
2018-10-18 18:45:28,333 - root - DEBUG -         date          time type ...       act1 act2 act3
3801   01-04  07:19:31.308    I ...   animator  END  ---
7891   01-04  07:20:02.768    I ...   animator  END  ---
12420  01-04  07:21:53.689    I ...   animator  END  ---

[3 rows x 7 columns]
2018-10-18 18:45:28,426 - root - DEBUG -         date          time type ...       act1 act2 act3
3803   01-04  07:19:31.325    I ...   animator  set  END
7893   01-04  07:20:02.784    I ...   animator  set  END
12422  01-04  07:21:53.706    I ...   animator  set  END

[3 rows x 7 columns]
2018-10-18 18:50:49,190 - root - DEBUG -         date          time type    ...      act1      act2      act3
2312   01-04  07:19:30.573    V    ...     START  onStart:  Activity
6576   01-04  07:20:02.257    V    ...     START  onStart:  Activity
11003  01-04  07:21:53.136    V    ...     START  onStart:  Activity

[3 rows x 7 columns]
2018-10-18 18:50:49,239 - root - DEBUG -         date          time type ...       act1 act2 act3
3801   01-04  07:19:31.308    I ...   animator  END  ---
7891   01-04  07:20:02.768    I ...   animator  END  ---
12420  01-04  07:21:53.689    I ...   animator  END  ---

[3 rows x 7 columns]
2018-10-18 18:50:49,284 - root - DEBUG -         date          time type ...       act1 act2 act3
3803   01-04  07:19:31.325    I ...   animator  set  END
7893   01-04  07:20:02.784    I ...   animator  set  END
12422  01-04  07:21:53.706    I ...   animator  set  END

[3 rows x 7 columns]
2018-10-18 18:59:33,803 - root - DEBUG -         date          time type    ...      act1      act2      act3
2312   01-04  07:19:30.573    V    ...     START  onStart:  Activity
6576   01-04  07:20:02.257    V    ...     START  onStart:  Activity
11003  01-04  07:21:53.136    V    ...     START  onStart:  Activity

[3 rows x 7 columns]
2018-10-18 18:59:33,856 - root - DEBUG -         date          time type ...       act1 act2 act3
3801   01-04  07:19:31.308    I ...   animator  END  ---
7891   01-04  07:20:02.768    I ...   animator  END  ---
12420  01-04  07:21:53.689    I ...   animator  END  ---

[3 rows x 7 columns]
2018-10-18 18:59:33,941 - root - DEBUG -         date          time type ...       act1 act2 act3
3803   01-04  07:19:31.325    I ...   animator  set  END
7893   01-04  07:20:02.784    I ...   animator  set  END
12422  01-04  07:21:53.706    I ...   animator  set  END

[3 rows x 7 columns]
2018-10-18 19:39:00,755 - root - DEBUG -         date          time type    ...      act1      act2      act3
2312   01-04  07:19:30.573    V    ...     START  onStart:  Activity
6576   01-04  07:20:02.257    V    ...     START  onStart:  Activity
11003  01-04  07:21:53.136    V    ...     START  onStart:  Activity

[3 rows x 7 columns]
2018-10-18 19:39:00,810 - root - DEBUG -         date          time type ...       act1 act2 act3
3801   01-04  07:19:31.308    I ...   animator  END  ---
7891   01-04  07:20:02.768    I ...   animator  END  ---
12420  01-04  07:21:53.689    I ...   animator  END  ---

[3 rows x 7 columns]
2018-10-18 19:39:00,904 - root - DEBUG -         date          time type ...       act1 act2 act3
3803   01-04  07:19:31.325    I ...   animator  set  END
7893   01-04  07:20:02.784    I ...   animator  set  END
12422  01-04  07:21:53.706    I ...   animator  set  END

[3 rows x 7 columns]
2018-10-18 19:39:18,634 - root - DEBUG -         date          time type    ...      act1      act2      act3
2312   01-04  07:19:30.573    V    ...     START  onStart:  Activity
6576   01-04  07:20:02.257    V    ...     START  onStart:  Activity
11003  01-04  07:21:53.136    V    ...     START  onStart:  Activity

[3 rows x 7 columns]
2018-10-18 19:39:18,684 - root - DEBUG -         date          time type ...       act1 act2 act3
3801   01-04  07:19:31.308    I ...   animator  END  ---
7891   01-04  07:20:02.768    I ...   animator  END  ---
12420  01-04  07:21:53.689    I ...   animator  END  ---

[3 rows x 7 columns]
2018-10-18 19:39:18,739 - root - DEBUG -         date          time type ...       act1 act2 act3
3803   01-04  07:19:31.325    I ...   animator  set  END
7893   01-04  07:20:02.784    I ...   animator  set  END
12422  01-04  07:21:53.706    I ...   animator  set  END

[3 rows x 7 columns]
2018-10-18 20:16:59,112 - root - DEBUG -         date          time type    ...      act1      act2      act3
2312   01-04  07:19:30.573    V    ...     START  onStart:  Activity
6576   01-04  07:20:02.257    V    ...     START  onStart:  Activity
11003  01-04  07:21:53.136    V    ...     START  onStart:  Activity

[3 rows x 7 columns]
2018-10-18 20:16:59,168 - root - DEBUG -         date          time type ...       act1 act2 act3
3801   01-04  07:19:31.308    I ...   animator  END  ---
7891   01-04  07:20:02.768    I ...   animator  END  ---
12420  01-04  07:21:53.689    I ...   animator  END  ---

[3 rows x 7 columns]
2018-10-18 20:16:59,262 - root - DEBUG -         date          time type ...       act1 act2 act3
3803   01-04  07:19:31.325    I ...   animator  set  END
7893   01-04  07:20:02.784    I ...   animator  set  END
12422  01-04  07:21:53.706    I ...   animator  set  END

[3 rows x 7 columns]
